<?xml version="1.0" encoding="UTF-8"?>
<!-- Generated by org.testng.reporters.JUnitXMLReporter -->
<testsuite ignored="0" hostname="Sachin" failures="1" tests="4" name="Login of application validation" time="236.617" errors="0" timestamp="2024-04-21T16:22:11 IST">
  <testcase classname="nagp.Tests.LoginTest" name="errorValidationLogin" time="26.262">
    <skipped/>
  </testcase> <!-- errorValidationLogin -->
  <testcase classname="nagp.Tests.LoginTest" name="errorValidationLogin" time="13.265">
    <failure type="java.lang.AssertionError" message="Wrong Error message is displayed expected [password. Try again or click Forgot password to reset it.] but found [Wrong password. Try again or click Forgot password to reset it.]">
      <![CDATA[java.lang.AssertionError: Wrong Error message is displayed expected [password. Try again or click Forgot password to reset it.] but found [Wrong password. Try again or click Forgot password to reset it.]
at nagp.Tests.LoginTest.errorValidationLogin(LoginTest.java:46)
at java.base/java.util.ArrayList.forEach(ArrayList.java:1511)
... Removed 32 stack frames]]>
    </failure>
  </testcase> <!-- errorValidationLogin -->
  <testcase classname="nagp.Tests.LoginTest" name="loginApplication" time="25.579"/>
  <testcase classname="nagp.Tests.LoginTest" name="loginApplication" time="35.349"/>
</testsuite> <!-- Login of application validation -->
