<?xml version="1.0" encoding="UTF-8"?>
<!-- Generated by org.testng.reporters.JUnitXMLReporter -->
<testsuite ignored="0" hostname="Sachin" failures="7" tests="8" name="Red Bus Booking Test" time="75.856" errors="0" timestamp="2024-04-15T16:05:34 IST">
  <testcase classname="nagp.Tests.RedBusBookingTest" name="displayRSRTCBuses" time="0.221">
    <failure type="java.lang.NullPointerException" message="Cannot invoke &amp;quot;nagp.pageobjects.SearchedBusesLandingPage.displayRSRTCBuses()&amp;quot; because &amp;quot;this.searchedbuseslandingpage&amp;quot; is null">
      <![CDATA[java.lang.NullPointerException: Cannot invoke "nagp.pageobjects.SearchedBusesLandingPage.displayRSRTCBuses()" because "this.searchedbuseslandingpage" is null
at nagp.Tests.RedBusBookingTest.displayRSRTCBuses(RedBusBookingTest.java:62)
at java.base/java.util.ArrayList.forEach(ArrayList.java:1511)
... Removed 27 stack frames]]>
    </failure>
  </testcase> <!-- displayRSRTCBuses -->
  <testcase classname="nagp.Tests.RedBusBookingTest" name="enterPassengerDetails" time="0.02">
    <failure type="java.lang.NullPointerException" message="Cannot invoke &amp;quot;nagp.pageobjects.PassengerDetails.enterPassengerDetails(String, String, String)&amp;quot; because &amp;quot;this.passengerdetails&amp;quot; is null">
      <![CDATA[java.lang.NullPointerException: Cannot invoke "nagp.pageobjects.PassengerDetails.enterPassengerDetails(String, String, String)" because "this.passengerdetails" is null
at nagp.Tests.RedBusBookingTest.enterPassengerDetails(RedBusBookingTest.java:84)
at java.base/java.util.ArrayList.forEach(ArrayList.java:1511)
... Removed 27 stack frames]]>
    </failure>
  </testcase> <!-- enterPassengerDetails -->
  <testcase classname="nagp.Tests.RedBusBookingTest" name="loginApplication" time="36.862"/>
  <testcase classname="nagp.Tests.RedBusBookingTest" name="logout" time="0.064">
    <failure type="java.lang.NullPointerException" message="Cannot invoke &amp;quot;nagp.pageobjects.LogOutPage.clickMyAccountDropdown()&amp;quot; because &amp;quot;this.logoutpage&amp;quot; is null">
      <![CDATA[java.lang.NullPointerException: Cannot invoke "nagp.pageobjects.LogOutPage.clickMyAccountDropdown()" because "this.logoutpage" is null
at nagp.Tests.RedBusBookingTest.logout(RedBusBookingTest.java:125)
at java.base/java.util.ArrayList.forEach(ArrayList.java:1511)
... Removed 27 stack frames]]>
    </failure>
  </testcase> <!-- logout -->
  <testcase classname="nagp.Tests.RedBusBookingTest" name="searchBuses" time="0.002">
    <failure type="java.lang.NullPointerException" message="Cannot invoke &amp;quot;nagp.pageobjects.RedBusLandingPage.selectSourceDestination()&amp;quot; because &amp;quot;this.redbuslandingpage&amp;quot; is null">
      <![CDATA[java.lang.NullPointerException: Cannot invoke "nagp.pageobjects.RedBusLandingPage.selectSourceDestination()" because "this.redbuslandingpage" is null
at nagp.Tests.RedBusBookingTest.searchBuses(RedBusBookingTest.java:50)
at java.base/java.util.ArrayList.forEach(ArrayList.java:1511)
... Removed 27 stack frames]]>
    </failure>
  </testcase> <!-- searchBuses -->
  <testcase classname="nagp.Tests.RedBusBookingTest" name="seatBooking" time="0.004">
    <failure type="java.lang.NullPointerException" message="Cannot invoke &amp;quot;nagp.pageobjects.SearchedBusesLandingPage.SeatBooking()&amp;quot; because &amp;quot;this.searchedbuseslandingpage&amp;quot; is null">
      <![CDATA[java.lang.NullPointerException: Cannot invoke "nagp.pageobjects.SearchedBusesLandingPage.SeatBooking()" because "this.searchedbuseslandingpage" is null
at nagp.Tests.RedBusBookingTest.seatBooking(RedBusBookingTest.java:70)
at java.base/java.util.ArrayList.forEach(ArrayList.java:1511)
... Removed 27 stack frames]]>
    </failure>
  </testcase> <!-- seatBooking -->
  <testcase classname="nagp.Tests.RedBusBookingTest" name="validateMyTrips" time="0.029">
    <failure type="java.lang.NullPointerException" message="Cannot invoke &amp;quot;nagp.pageobjects.MyTrips.clickMyAccountDropdownIcon()&amp;quot; because &amp;quot;this.myTrips&amp;quot; is null">
      <![CDATA[java.lang.NullPointerException: Cannot invoke "nagp.pageobjects.MyTrips.clickMyAccountDropdownIcon()" because "this.myTrips" is null
at nagp.Tests.RedBusBookingTest.validateMyTrips(RedBusBookingTest.java:114)
at java.base/java.util.ArrayList.forEach(ArrayList.java:1511)
... Removed 27 stack frames]]>
    </failure>
  </testcase> <!-- validateMyTrips -->
  <testcase classname="nagp.Tests.RedBusBookingTest" name="validatePaymentPage" time="0.124">
    <failure type="java.lang.NullPointerException" message="Cannot invoke &amp;quot;nagp.pageobjects.PaymentPage.validateDateText()&amp;quot; because &amp;quot;this.paymentpage&amp;quot; is null">
      <![CDATA[java.lang.NullPointerException: Cannot invoke "nagp.pageobjects.PaymentPage.validateDateText()" because "this.paymentpage" is null
at nagp.Tests.RedBusBookingTest.validatePaymentPage(RedBusBookingTest.java:92)
at java.base/java.util.ArrayList.forEach(ArrayList.java:1511)
... Removed 27 stack frames]]>
    </failure>
  </testcase> <!-- validatePaymentPage -->
</testsuite> <!-- Red Bus Booking Test -->
